#
# A fatal error has been detected by the Java Runtime Environment:
#
#  EXCEPTION_ACCESS_VIOLATION (0xc0000005) at pc=0x00000000670e79b1, pid=14332, tid=0x0000000000003080
#
# JRE version: Java(TM) SE Runtime Environment (8.0_261-b12) (build 1.8.0_261-b12)
# Java VM: Java HotSpot(TM) 64-Bit Server VM (25.261-b12 mixed mode windows-amd64 compressed oops)
# Problematic frame:
# V  [jvm.dll+0x3979b1]
#
# Failed to write core dump. Minidumps are not enabled by default on client versions of Windows
#
# If you would like to submit a bug report, please visit:
#   http://bugreport.java.com/bugreport/crash.jsp
#

---------------  T H R E A D  ---------------

Current thread (0x00000253244ff000):  GCTaskThread [stack: 0x000000b5fd300000,0x000000b5fd400000] [id=12416]

siginfo: ExceptionCode=0xc0000005, ExceptionInformation=0x0000000000000008 0x00000000400e79b1

Registers:
RAX=0x0000000000000008, RBX=0x0000000000000000, RCX=0x0000000000000004, RDX=0x0000025348e20160
RSP=0x000000b5fd3ff780, RBP=0x000000b5fd3ff800, RSI=0x0000000000000002, RDI=0x00000253486fae50
R8 =0x0000000000000000, R9 =0x0000000000000000, R10=0x0000000000000008, R11=0x000000b5fd3ff800
R12=0x000000b5fd3ff888, R13=0x0000000000000000, R14=0x000000b5fd3ff870, R15=0x0000000000000002
RIP=0x00000000670e79b1, EFLAGS=0x0000000000010297

Top of Stack: (sp=0x000000b5fd3ff780)
0x000000b5fd3ff780:   000000b5fd3ff7f0 00000007239ceb20
0x000000b5fd3ff790:   0000025348e20480 0014b7600000face
0x000000b5fd3ff7a0:   0014b7610000face 0000000758c52bd8
0x000000b5fd3ff7b0:   001955750001ce67 001955860001ce67
0x000000b5fd3ff7c0:   0014b7600000face 0014b7610000face
0x000000b5fd3ff7d0:   001955750001ce68 001720470000a47b
0x000000b5fd3ff7e0:   001720470000a47c 0000000067379d30
0x000000b5fd3ff7f0:   00000253244f98b0 0000000067379d30
0x000000b5fd3ff800:   00000253244f98b0 0000000067379d30
0x000000b5fd3ff810:   00000253244ff430 00000253244ff420
0x000000b5fd3ff820:   0000000000000000 0000000067135a1d
0x000000b5fd3ff830:   0014b7600000facf 0000025348e20480
0x000000b5fd3ff840:   000002534a1b02c0 0000000000000002
0x000000b5fd3ff850:   000002534a1b02c0 0000000000000001
0x000000b5fd3ff860:   0000000000000000 0000000067124409
0x000000b5fd3ff870:   000002535b306461 00000253244ff000 

Instructions: (pc=0x00000000670e79b1)
0x00000000670e7991:   00 45 33 ed 48 8b f9 8b 49 08 4d 8b e1 4d 8b f0
0x00000000670e79a1:   8b f2 45 8b fd 8d 04 09 85 c0 0f 84 f8 01 00 00
0x00000000670e79b1:   83 f9 02 0f 86 58 01 00 00 66 0f 1f 44 00 00 49
0x00000000670e79c1:   8b ce e8 c8 ba ee ff 33 d2 f7 77 08 8b da 3b d6 


Register to memory mapping:

RAX=0x0000000000000008 is an unknown value
RBX=0x0000000000000000 is an unknown value
RCX=0x0000000000000004 is an unknown value
RDX=0x0000025348e20160 is an unknown value
RSP=0x000000b5fd3ff780 is an unknown value
RBP=0x000000b5fd3ff800 is an unknown value
RSI=0x0000000000000002 is an unknown value
RDI=0x00000253486fae50 is an unknown value
R8 =0x0000000000000000 is an unknown value
R9 =0x0000000000000000 is an unknown value
R10=0x0000000000000008 is an unknown value
R11=0x000000b5fd3ff800 is an unknown value
R12=0x000000b5fd3ff888 is an unknown value
R13=0x0000000000000000 is an unknown value
R14=0x000000b5fd3ff870 is an unknown value
R15=0x0000000000000002 is an unknown value


Stack: [0x000000b5fd300000,0x000000b5fd400000],  sp=0x000000b5fd3ff780,  free space=1021k
Native frames: (J=compiled Java code, j=interpreted, Vv=VM code, C=native code)
V  [jvm.dll+0x3979b1]
V  [jvm.dll+0x3e5a1d]
V  [jvm.dll+0x3d4409]
V  [jvm.dll+0x2a1cfc]
C  [ucrtbase.dll+0x21bb2]
C  [KERNEL32.DLL+0x17034]
C  [ntdll.dll+0x52651]


---------------  P R O C E S S  ---------------

Java Threads: ( => current thread )
  0x000002534a185000 JavaThread "/127.0.0.1:63246 to /127.0.0.1:63243 workers Thread 3" [_thread_in_native, id=7152, stack(0x000000b5fe200000,0x000000b5fe300000)]
  0x000002534a184800 JavaThread "/127.0.0.1:63246 to /127.0.0.1:63243 workers Thread 2" [_thread_blocked, id=22084, stack(0x000000b5fe100000,0x000000b5fe200000)]
  0x000002534a42f000 JavaThread "Test worker" [_thread_blocked, id=22600, stack(0x000000b5fe000000,0x000000b5fe100000)]
  0x0000025348f78000 JavaThread "Service Thread" daemon [_thread_blocked, id=21192, stack(0x000000b5fdd00000,0x000000b5fde00000)]
  0x0000025348ee5000 JavaThread "C1 CompilerThread2" daemon [_thread_blocked, id=24484, stack(0x000000b5fdc00000,0x000000b5fdd00000)]
  0x0000025348ee8000 JavaThread "C2 CompilerThread1" daemon [_thread_blocked, id=20284, stack(0x000000b5fdb00000,0x000000b5fdc00000)]
  0x0000025348ed9800 JavaThread "C2 CompilerThread0" daemon [_thread_blocked, id=27268, stack(0x000000b5fda00000,0x000000b5fdb00000)]
  0x0000025348ed6000 JavaThread "Attach Listener" daemon [_thread_blocked, id=19096, stack(0x000000b5fd900000,0x000000b5fda00000)]
  0x0000025348ed5000 JavaThread "Signal Dispatcher" daemon [_thread_blocked, id=1400, stack(0x000000b5fd800000,0x000000b5fd900000)]
  0x000002534870a800 JavaThread "Finalizer" daemon [_thread_blocked, id=27240, stack(0x000000b5fd700000,0x000000b5fd800000)]
  0x0000025348e45000 JavaThread "Reference Handler" daemon [_thread_blocked, id=11452, stack(0x000000b5fd600000,0x000000b5fd700000)]
  0x00000253244e3800 JavaThread "main" [_thread_blocked, id=17008, stack(0x000000b5fd000000,0x000000b5fd100000)]

Other Threads:
  0x0000025348e23800 VMThread [stack: 0x000000b5fd500000,0x000000b5fd600000] [id=13296]
  0x0000025349b5c800 WatcherThread [stack: 0x000000b5fde00000,0x000000b5fdf00000] [id=13052]

=>0x00000253244ff000 (exited) GCTaskThread [stack: 0x000000b5fd300000,0x000000b5fd400000] [id=12416]

VM state:at safepoint (normal execution)

VM Mutex/Monitor currently owned by a thread:  ([mutex/lock_event])
[0x00000253244dd8e0] Threads_lock - owner thread: 0x0000025348e23800
[0x00000253244e1bc0] Heap_lock - owner thread: 0x000002534a42f000

heap address: 0x00000005c0000000, size: 8192 MB, Compressed Oops mode: Zero based, Oop shift amount: 3
Narrow klass base: 0x0000000000000000, Narrow klass shift: 3
Compressed class space size: 1073741824 Address: 0x00000007c0000000

Heap:
 PSYoungGen      total 1011200K, used 1011169K [0x0000000715580000, 0x0000000794100000, 0x00000007c0000000)
  eden space 408064K, 100% used [0x0000000715580000,0x000000072e400000,0x000000072e400000)
  from space 603136K, 99% used [0x000000075c180000,0x0000000780e786c0,0x0000000780e80000)
  to   space 751104K, 93% used [0x000000072e400000,0x0000000758ed1f58,0x000000075c180000)
 ParOldGen       total 1609728K, used 959783K [0x00000005c0000000, 0x0000000622400000, 0x0000000715580000)
  object space 1609728K, 59% used [0x00000005c0000000,0x00000005fa949e30,0x0000000622400000)
 Metaspace       used 12131K, capacity 13124K, committed 13440K, reserved 1060864K
  class space    used 1593K, capacity 1814K, committed 1920K, reserved 1048576K

Card table byte_map: [0x0000025335350000,0x0000025336360000] byte_map_base: 0x0000025332550000

Marking Bits: (ParMarkBitMap*) 0x0000000067544fb0
 Begin Bits: [0x0000025336e10000, 0x000002533ee10000)
 End Bits:   [0x000002533ee10000, 0x0000025346e10000)

Polling page: 0x00000253246e0000

CodeCache: size=245760Kb used=4238Kb max_used=4238Kb free=241521Kb
 bounds [0x0000025325f90000, 0x00000253263c0000, 0x0000025334f90000]
 total_blobs=1593 nmethods=1242 adapters=263
 compilation: enabled

Compilation events (10 events):
Event: 4.641 Thread 0x0000025348ee5000 1239       3       java.nio.HeapCharBuffer::<init> (14 bytes)
Event: 4.641 Thread 0x0000025348ee5000 nmethod 1239 0x00000253263b2c50 code [0x00000253263b2dc0, 0x00000253263b3010]
Event: 9.572 Thread 0x0000025348ee5000 1241   !   3       java.io.BufferedWriter::write (117 bytes)
Event: 9.573 Thread 0x0000025348ee5000 nmethod 1241 0x00000253263b3150 code [0x00000253263b3320, 0x00000253263b3a90]
Event: 9.573 Thread 0x0000025348ee5000 1240       3       java.io.Writer::write (11 bytes)
Event: 9.573 Thread 0x0000025348ee5000 nmethod 1240 0x00000253263b3ed0 code [0x00000253263b4040, 0x00000253263b4350]
Event: 9.573 Thread 0x0000025348ee5000 1242       1       org.gradle.api.internal.tasks.testing.DefaultTestOutputEvent::getDestination (5 bytes)
Event: 9.573 Thread 0x0000025348ee5000 nmethod 1242 0x00000253263b4490 code [0x00000253263b45e0, 0x00000253263b46f8]
Event: 9.573 Thread 0x0000025348ee5000 1243       1       org.gradle.api.internal.tasks.testing.DefaultTestOutputEvent::getMessage (5 bytes)
Event: 9.573 Thread 0x0000025348ee5000 nmethod 1243 0x00000253263b4750 code [0x00000253263b48a0, 0x00000253263b49b8]

GC Heap History (10 events):
Event: 5.110 GC heap after
Heap after GC invocations=9 (full 2):
 PSYoungGen      total 733696K, used 362994K [0x0000000715580000, 0x0000000773200000, 0x00000007c0000000)
  eden space 370688K, 0% used [0x0000000715580000,0x0000000715580000,0x000000072bf80000)
  from space 363008K, 99% used [0x000000072bf80000,0x00000007421fcbe0,0x0000000742200000)
  to   space 520704K, 0% used [0x0000000753580000,0x0000000753580000,0x0000000773200000)
 ParOldGen       total 867840K, used 705605K [0x00000005c0000000, 0x00000005f4f80000, 0x0000000715580000)
  object space 867840K, 81% used [0x00000005c0000000,0x00000005eb1114b8,0x00000005f4f80000)
 Metaspace       used 12131K, capacity 13124K, committed 13440K, reserved 1060864K
  class space    used 1593K, capacity 1814K, committed 1920K, reserved 1048576K
}
Event: 5.110 GC heap before
{Heap before GC invocations=10 (full 3):
 PSYoungGen      total 733696K, used 362994K [0x0000000715580000, 0x0000000773200000, 0x00000007c0000000)
  eden space 370688K, 0% used [0x0000000715580000,0x0000000715580000,0x000000072bf80000)
  from space 363008K, 99% used [0x000000072bf80000,0x00000007421fcbe0,0x0000000742200000)
  to   space 520704K, 0% used [0x0000000753580000,0x0000000753580000,0x0000000773200000)
 ParOldGen       total 867840K, used 705605K [0x00000005c0000000, 0x00000005f4f80000, 0x0000000715580000)
  object space 867840K, 81% used [0x00000005c0000000,0x00000005eb1114b8,0x00000005f4f80000)
 Metaspace       used 12131K, capacity 13124K, committed 13440K, reserved 1060864K
  class space    used 1593K, capacity 1814K, committed 1920K, reserved 1048576K
Event: 9.512 GC heap after
Heap after GC invocations=10 (full 3):
 PSYoungGen      total 733696K, used 0K [0x0000000715580000, 0x0000000773200000, 0x00000007c0000000)
  eden space 370688K, 0% used [0x0000000715580000,0x0000000715580000,0x000000072bf80000)
  from space 363008K, 0% used [0x000000072bf80000,0x000000072bf80000,0x0000000742200000)
  to   space 520704K, 0% used [0x0000000753580000,0x0000000753580000,0x0000000773200000)
 ParOldGen       total 1609728K, used 809815K [0x00000005c0000000, 0x0000000622400000, 0x0000000715580000)
  object space 1609728K, 50% used [0x00000005c0000000,0x00000005f16d5e30,0x0000000622400000)
 Metaspace       used 12131K, capacity 13124K, committed 13440K, reserved 1060864K
  class space    used 1593K, capacity 1814K, committed 1920K, reserved 1048576K
}
Event: 9.678 GC heap before
{Heap before GC invocations=11 (full 3):
 PSYoungGen      total 733696K, used 299158K [0x0000000715580000, 0x0000000773200000, 0x00000007c0000000)
  eden space 370688K, 80% used [0x0000000715580000,0x00000007279a5bf0,0x000000072bf80000)
  from space 363008K, 0% used [0x000000072bf80000,0x000000072bf80000,0x0000000742200000)
  to   space 520704K, 0% used [0x0000000753580000,0x0000000753580000,0x0000000773200000)
 ParOldGen       total 1609728K, used 809815K [0x00000005c0000000, 0x0000000622400000, 0x0000000715580000)
  object space 1609728K, 50% used [0x00000005c0000000,0x00000005f16d5e30,0x0000000622400000)
 Metaspace       used 12131K, capacity 13124K, committed 13440K, reserved 1060864K
  class space    used 1593K, capacity 1814K, committed 1920K, reserved 1048576K
Event: 9.836 GC heap after
Heap after GC invocations=11 (full 3):
 PSYoungGen      total 990208K, used 330315K [0x0000000715580000, 0x0000000773180000, 0x00000007c0000000)
  eden space 470016K, 0% used [0x0000000715580000,0x0000000715580000,0x0000000732080000)
  from space 520192K, 63% used [0x0000000753580000,0x0000000767812f40,0x0000000773180000)
  to   space 532992K, 0% used [0x0000000732080000,0x0000000732080000,0x0000000752900000)
 ParOldGen       total 1609728K, used 809815K [0x00000005c0000000, 0x0000000622400000, 0x0000000715580000)
  object space 1609728K, 50% used [0x00000005c0000000,0x00000005f16d5e30,0x0000000622400000)
 Metaspace       used 12131K, capacity 13124K, committed 13440K, reserved 1060864K
  class space    used 1593K, capacity 1814K, committed 1920K, reserved 1048576K
}
Event: 10.133 GC heap before
{Heap before GC invocations=12 (full 3):
 PSYoungGen      total 990208K, used 800331K [0x0000000715580000, 0x0000000773180000, 0x00000007c0000000)
  eden space 470016K, 100% used [0x0000000715580000,0x0000000732080000,0x0000000732080000)
  from space 520192K, 63% used [0x0000000753580000,0x0000000767812f40,0x0000000773180000)
  to   space 532992K, 0% used [0x0000000732080000,0x0000000732080000,0x0000000752900000)
 ParOldGen       total 1609728K, used 809815K [0x00000005c0000000, 0x0000000622400000, 0x0000000715580000)
  object space 1609728K, 50% used [0x00000005c0000000,0x00000005f16d5e30,0x0000000622400000)
 Metaspace       used 12131K, capacity 13124K, committed 13440K, reserved 1060864K
  class space    used 1593K, capacity 1814K, committed 1920K, reserved 1048576K
Event: 10.370 GC heap after
Heap after GC invocations=12 (full 3):
 PSYoungGen      total 1003008K, used 487572K [0x0000000715580000, 0x0000000780e80000, 0x00000007c0000000)
  eden space 470016K, 0% used [0x0000000715580000,0x0000000715580000,0x0000000732080000)
  from space 532992K, 91% used [0x0000000732080000,0x000000074fca5230,0x0000000752900000)
  to   space 603136K, 0% used [0x000000075c180000,0x000000075c180000,0x0000000780e80000)
 ParOldGen       total 1609728K, used 809815K [0x00000005c0000000, 0x0000000622400000, 0x0000000715580000)
  object space 1609728K, 50% used [0x00000005c0000000,0x00000005f16d5e30,0x0000000622400000)
 Metaspace       used 12131K, capacity 13124K, committed 13440K, reserved 1060864K
  class space    used 1593K, capacity 1814K, committed 1920K, reserved 1048576K
}
Event: 10.627 GC heap before
{Heap before GC invocations=13 (full 3):
 PSYoungGen      total 1003008K, used 927365K [0x0000000715580000, 0x0000000780e80000, 0x00000007c0000000)
  eden space 470016K, 93% used [0x0000000715580000,0x00000007302fc1f0,0x0000000732080000)
  from space 532992K, 91% used [0x0000000732080000,0x000000074fca5230,0x0000000752900000)
  to   space 603136K, 0% used [0x000000075c180000,0x000000075c180000,0x0000000780e80000)
 ParOldGen       total 1609728K, used 809815K [0x00000005c0000000, 0x0000000622400000, 0x0000000715580000)
  object space 1609728K, 50% used [0x00000005c0000000,0x00000005f16d5e30,0x0000000622400000)
 Metaspace       used 12131K, capacity 13124K, committed 13440K, reserved 1060864K
  class space    used 1593K, capacity 1814K, committed 1920K, reserved 1048576K
Event: 10.992 GC heap after
Heap after GC invocations=13 (full 3):
 PSYoungGen      total 1011200K, used 603105K [0x0000000715580000, 0x0000000794100000, 0x00000007c0000000)
  eden space 408064K, 0% used [0x0000000715580000,0x0000000715580000,0x000000072e400000)
  from space 603136K, 99% used [0x000000075c180000,0x0000000780e786c0,0x0000000780e80000)
  to   space 751104K, 0% used [0x000000072e400000,0x000000072e400000,0x000000075c180000)
 ParOldGen       total 1609728K, used 959783K [0x00000005c0000000, 0x0000000622400000, 0x0000000715580000)
  object space 1609728K, 59% used [0x00000005c0000000,0x00000005fa949e30,0x0000000622400000)
 Metaspace       used 12131K, capacity 13124K, committed 13440K, reserved 1060864K
  class space    used 1593K, capacity 1814K, committed 1920K, reserved 1048576K
}
Event: 11.218 GC heap before
{Heap before GC invocations=14 (full 3):
 PSYoungGen      total 1011200K, used 1011169K [0x0000000715580000, 0x0000000794100000, 0x00000007c0000000)
  eden space 408064K, 100% used [0x0000000715580000,0x000000072e400000,0x000000072e400000)
  from space 603136K, 99% used [0x000000075c180000,0x0000000780e786c0,0x0000000780e80000)
  to   space 751104K, 0% used [0x000000072e400000,0x000000072e400000,0x000000075c180000)
 ParOldGen       total 1609728K, used 959783K [0x00000005c0000000, 0x0000000622400000, 0x0000000715580000)
  object space 1609728K, 59% used [0x00000005c0000000,0x00000005fa949e30,0x0000000622400000)
 Metaspace       used 12131K, capacity 13124K, committed 13440K, reserved 1060864K
  class space    used 1593K, capacity 1814K, committed 1920K, reserved 1048576K

Deoptimization events (4 events):
Event: 0.218 Thread 0x00000253244e3800 Uncommon trap: reason=null_check action=make_not_entrant pc=0x000002532612a810 method=java.lang.String.equals(Ljava/lang/Object;)Z @ 8
Event: 0.601 Thread 0x000002534a42f000 Uncommon trap: reason=unstable_if action=reinterpret pc=0x00000253262f4390 method=jdk.internal.org.objectweb.asm.Type.getArgumentsAndReturnSizes(Ljava/lang/String;)I @ 88
Event: 0.649 Thread 0x000002534a42f000 Uncommon trap: reason=unstable_if action=reinterpret pc=0x00000253260df840 method=java.lang.CharacterData.of(I)Ljava/lang/CharacterData; @ 4
Event: 0.655 Thread 0x000002534a42f000 Uncommon trap: reason=unstable_if action=reinterpret pc=0x0000025326281760 method=sun.net.www.ParseUtil.encodePath(Ljava/lang/String;Z)Ljava/lang/String; @ 109

Classes redefined (0 events):
No events

Internal exceptions (10 events):
Event: 0.572 Thread 0x000002534a42f000 Exception <a 'java/lang/IncompatibleClassChangeError': Found class java.lang.Object, but interface was expected> (0x000000071765eba8) thrown at [C:\jenkins\workspace\8-2-build-windows-amd64-cygwin\jdk8u261\295\hotspot\src\share\vm\interpreter\linkResolver
Event: 0.573 Thread 0x000002534a42f000 Exception <a 'java/lang/NoSuchMethodError': java.lang.Object.lambda$ofVoidMethod$0(Lorg/junit/jupiter/engine/execution/ExecutableInvoker$ReflectiveInterceptorCall$VoidMethodInterceptorCall;Lorg/junit/jupiter/api/extension/InvocationInterceptor;Lorg/junit/
Event: 0.580 Thread 0x000002534a42f000 Exception <a 'java/lang/IncompatibleClassChangeError': Found class java.lang.Object, but interface was expected> (0x00000007176d69c8) thrown at [C:\jenkins\workspace\8-2-build-windows-amd64-cygwin\jdk8u261\295\hotspot\src\share\vm\interpreter\linkResolver
Event: 0.580 Thread 0x000002534a42f000 Exception <a 'java/lang/NoSuchMethodError': java.lang.Object.lambda$accept$0(Lorg/junit/platform/engine/TestDescriptor$Visitor;Lorg/junit/platform/engine/TestDescriptor;)V> (0x00000007176dad48) thrown at [C:\jenkins\workspace\8-2-build-windows-amd64-cygwi
Event: 0.582 Thread 0x000002534a42f000 Exception <a 'java/lang/NoSuchMethodError': java.lang.Object.containsTests(Lorg/junit/platform/engine/TestDescriptor;)Z> (0x00000007179a3820) thrown at [C:\jenkins\workspace\8-2-build-windows-amd64-cygwin\jdk8u261\295\hotspot\src\share\vm\interpreter\link
Event: 0.592 Thread 0x000002534a42f000 Exception <a 'java/lang/IncompatibleClassChangeError': Found class java.lang.Object, but interface was expected> (0x0000000717a5b9a0) thrown at [C:\jenkins\workspace\8-2-build-windows-amd64-cygwin\jdk8u261\295\hotspot\src\share\vm\interpreter\linkResolver
Event: 0.600 Thread 0x000002534a42f000 Exception <a 'java/lang/NoSuchMethodError': java.lang.Object.lambda$comparing$77a9974f$1(Ljava/util/function/Function;Ljava/lang/Object;Ljava/lang/Object;)I> (0x0000000717b30008) thrown at [C:\jenkins\workspace\8-2-build-windows-amd64-cygwin\jdk8u261\295\
Event: 0.601 Thread 0x000002534a42f000 Exception <a 'java/lang/NoSuchMethodError': java.lang.Object.lambda$thenComparing$36697e65$1(Ljava/util/Comparator;Ljava/lang/Object;Ljava/lang/Object;)I> (0x0000000717b4a358) thrown at [C:\jenkins\workspace\8-2-build-windows-amd64-cygwin\jdk8u261\295\hot
Event: 0.623 Thread 0x000002534a42f000 Exception <a 'java/lang/NoSuchMethodError': java.lang.Object.lambda$and$0(Ljava/util/function/Predicate;Ljava/lang/Object;)Z> (0x0000000717d341a0) thrown at [C:\jenkins\workspace\8-2-build-windows-amd64-cygwin\jdk8u261\295\hotspot\src\share\vm\interpreter
Event: 0.639 Thread 0x000002534a42f000 Exception <a 'java/lang/IncompatibleClassChangeError': Found class java.lang.Object, but interface was expected> (0x0000000717e812f8) thrown at [C:\jenkins\workspace\8-2-build-windows-amd64-cygwin\jdk8u261\295\hotspot\src\share\vm\interpreter\linkResolver

Events (10 events):
Event: 4.532 Executing VM operation: ParallelGCFailedAllocation done
Event: 4.784 Executing VM operation: ParallelGCFailedAllocation
Event: 9.512 Executing VM operation: ParallelGCFailedAllocation done
Event: 9.678 Executing VM operation: ParallelGCFailedAllocation
Event: 9.836 Executing VM operation: ParallelGCFailedAllocation done
Event: 10.133 Executing VM operation: ParallelGCFailedAllocation
Event: 10.370 Executing VM operation: ParallelGCFailedAllocation done
Event: 10.627 Executing VM operation: ParallelGCFailedAllocation
Event: 10.992 Executing VM operation: ParallelGCFailedAllocation done
Event: 11.218 Executing VM operation: ParallelGCFailedAllocation


Dynamic libraries:
0x00007ff6d9850000 - 0x00007ff6d9897000 	C:\Program Files\Java\jdk1.8.0_261\bin\java.exe
0x00007ffcdd5d0000 - 0x00007ffcdd7c5000 	C:\WINDOWS\SYSTEM32\ntdll.dll
0x00007ffcdd490000 - 0x00007ffcdd54e000 	C:\WINDOWS\System32\KERNEL32.DLL
0x00007ffcdae90000 - 0x00007ffcdb158000 	C:\WINDOWS\System32\KERNELBASE.dll
0x00007ffcdd3e0000 - 0x00007ffcdd48e000 	C:\WINDOWS\System32\ADVAPI32.dll
0x00007ffcdb6e0000 - 0x00007ffcdb77e000 	C:\WINDOWS\System32\msvcrt.dll
0x00007ffcdcb10000 - 0x00007ffcdcbac000 	C:\WINDOWS\System32\sechost.dll
0x00007ffcdd2b0000 - 0x00007ffcdd3d5000 	C:\WINDOWS\System32\RPCRT4.dll
0x00007ffcdd110000 - 0x00007ffcdd2b0000 	C:\WINDOWS\System32\USER32.dll
0x00007ffcdad20000 - 0x00007ffcdad42000 	C:\WINDOWS\System32\win32u.dll
0x00007ffcdd0e0000 - 0x00007ffcdd10a000 	C:\WINDOWS\System32\GDI32.dll
0x00007ffcdb520000 - 0x00007ffcdb62b000 	C:\WINDOWS\System32\gdi32full.dll
0x00007ffcdb480000 - 0x00007ffcdb51d000 	C:\WINDOWS\System32\msvcp_win.dll
0x00007ffcdb310000 - 0x00007ffcdb410000 	C:\WINDOWS\System32\ucrtbase.dll
0x00007ffcccb10000 - 0x00007ffcccdaa000 	C:\WINDOWS\WinSxS\amd64_microsoft.windows.common-controls_6595b64144ccf1df_6.0.19041.1110_none_60b5254171f9507e\COMCTL32.dll
0x00007ffcdd560000 - 0x00007ffcdd590000 	C:\WINDOWS\System32\IMM32.DLL
0x00007ffccf740000 - 0x00007ffccf755000 	C:\Program Files\Java\jdk1.8.0_261\jre\bin\vcruntime140.dll
0x00007ffcb6470000 - 0x00007ffcb650b000 	C:\Program Files\Java\jdk1.8.0_261\jre\bin\msvcp140.dll
0x0000000066d50000 - 0x00000000675bc000 	C:\Program Files\Java\jdk1.8.0_261\jre\bin\server\jvm.dll
0x00007ffcdb8c0000 - 0x00007ffcdb8c8000 	C:\WINDOWS\System32\PSAPI.DLL
0x00007ffccc880000 - 0x00007ffccc889000 	C:\WINDOWS\SYSTEM32\WSOCK32.dll
0x00007ffcdc120000 - 0x00007ffcdc18b000 	C:\WINDOWS\System32\WS2_32.dll
0x00007ffcd0320000 - 0x00007ffcd0347000 	C:\WINDOWS\SYSTEM32\WINMM.dll
0x00007ffcd5d30000 - 0x00007ffcd5d3a000 	C:\WINDOWS\SYSTEM32\VERSION.dll
0x00007ffcd8b50000 - 0x00007ffcd8b62000 	C:\WINDOWS\SYSTEM32\kernel.appcore.dll
0x00007ffccf770000 - 0x00007ffccf780000 	C:\Program Files\Java\jdk1.8.0_261\jre\bin\verify.dll
0x00007ffcc4f10000 - 0x00007ffcc4f3b000 	C:\Program Files\Java\jdk1.8.0_261\jre\bin\java.dll
0x00007ffcc7b10000 - 0x00007ffcc7b28000 	C:\Program Files\Java\jdk1.8.0_261\jre\bin\zip.dll
0x00007ffcdc350000 - 0x00007ffcdca94000 	C:\WINDOWS\System32\SHELL32.dll
0x00007ffcd8e30000 - 0x00007ffcd95c4000 	C:\WINDOWS\SYSTEM32\windows.storage.dll
0x00007ffcdcc10000 - 0x00007ffcdcf64000 	C:\WINDOWS\System32\combase.dll
0x00007ffcda760000 - 0x00007ffcda78c000 	C:\WINDOWS\SYSTEM32\Wldp.dll
0x00007ffcdc070000 - 0x00007ffcdc11d000 	C:\WINDOWS\System32\SHCORE.dll
0x00007ffcdb780000 - 0x00007ffcdb7d5000 	C:\WINDOWS\System32\shlwapi.dll
0x00007ffcdac30000 - 0x00007ffcdac4f000 	C:\WINDOWS\SYSTEM32\profapi.dll
0x00007ffcc5110000 - 0x00007ffcc512c000 	C:\Program Files\Java\jdk1.8.0_261\jre\bin\net.dll
0x00007ffcda4c0000 - 0x00007ffcda52a000 	C:\WINDOWS\system32\mswsock.dll
0x00007ffcc50d0000 - 0x00007ffcc50e3000 	C:\Program Files\Java\jdk1.8.0_261\jre\bin\nio.dll
0x00007ffcda6c0000 - 0x00007ffcda6d8000 	C:\WINDOWS\SYSTEM32\CRYPTSP.dll
0x00007ffcd9dd0000 - 0x00007ffcd9e04000 	C:\WINDOWS\system32\rsaenh.dll
0x00007ffcdacf0000 - 0x00007ffcdad17000 	C:\WINDOWS\System32\bcrypt.dll
0x00007ffcdabb0000 - 0x00007ffcdabde000 	C:\WINDOWS\SYSTEM32\USERENV.dll
0x00007ffcdae00000 - 0x00007ffcdae82000 	C:\WINDOWS\System32\bcryptprimitives.dll
0x00007ffcda6b0000 - 0x00007ffcda6bc000 	C:\WINDOWS\SYSTEM32\CRYPTBASE.dll
0x00007ffcda160000 - 0x00007ffcda19b000 	C:\WINDOWS\SYSTEM32\IPHLPAPI.DLL
0x00007ffcdd550000 - 0x00007ffcdd558000 	C:\WINDOWS\System32\NSI.dll
0x00007ffcd5cd0000 - 0x00007ffcd5ce7000 	C:\WINDOWS\SYSTEM32\dhcpcsvc6.DLL
0x00007ffcd5c80000 - 0x00007ffcd5c9d000 	C:\WINDOWS\SYSTEM32\dhcpcsvc.DLL
0x00007ffcda1b0000 - 0x00007ffcda27b000 	C:\WINDOWS\SYSTEM32\DNSAPI.dll
0x00007ffcd5470000 - 0x00007ffcd5654000 	C:\WINDOWS\SYSTEM32\dbghelp.dll

VM Arguments:
jvm_args: -Djava.security.manager=worker.org.gradle.process.internal.worker.child.BootstrapSecurityManager -Dorg.gradle.native=false -XX:MaxPermSize=8G -Xms512m -Xmx8G -Dfile.encoding=windows-1252 -Duser.country=GB -Duser.language=en -Duser.variant -ea 
java_command: worker.org.gradle.process.internal.worker.GradleWorkerMain 'Gradle Test Executor 7'
java_class_path (initial): C:\Users\michi\.gradle\caches\6.6.1\workerMain\gradle-worker.jar
Launcher Type: SUN_STANDARD

Environment Variables:
PATH=C:\Program Files (x86)\Common Files\Oracle\Java\javapath;C:\Program Files\Common Files\Oracle\Java\javapath;C:\Python38\Scripts\;C:\Python38\;C:\Python27\;C:\Python27\Scripts;C:\ProgramData\Boxstarter;C:\Program Files\Oculus\Support\oculus-runtime;C:\Program Files (x86)\Razer Chroma SDK\bin;C:\Program Files\Razer Chroma SDK\bin;C:\ProgramData\Oracle\Java\javapath;C:\WINDOWS\system32;C:\WINDOWS;C:\WINDOWS\System32\Wbem;C:\WINDOWS\System32\WindowsPowerShell\v1.0\;C:\Program Files\Git\cmd;C:\Program Files (x86)\GtkSharp\2.12\bin;C:\WINDOWS\System32\OpenSSH\;C:\Users\michi\AppData\Local\Microsoft\WindowsApps;C:\Program Files\Docker Toolbox;C:\Users\michi\AppData\Local\atom\bin;C:\Program Files\Git\usr\bin;C:\ProgramData\chocolatey\bin;C:\WINDOWS\system32;C:\WINDOWS;C:\WINDOWS\System32\Wbem;C:\WINDOWS\System32\WindowsPowerShell\v1.0\;C:\WINDOWS\System32\OpenSSH\;C:\Program Files\nodejs\;C:\gradle\bin;;C:\Program Files\NVIDIA Corporation\NVIDIA NvDLISR;C:\Program Files (x86)\NVIDIA Corporation\PhysX\Common;C:\Users\michi\AppData\Local\Microsoft\WindowsApps;C:\Program Files\Docker Toolbox;C:\Users\michi\AppData\Local\atom\bin;C:\Program Files\Git\usr\bin;C:\Users\michi\AppData\Local\Programs\Microsoft VS Code\bin;C:\Users\michi\AppData\Local\Microsoft\WindowsApps;C:\Users\michi\AppData\Local\Android\Sdk\tools;C:\Users\michi\AppData\Local\Android\Sdk\platform-tools;C:\Users\michi\AppData\Roaming\npm;;C:\Program Files\JetBrains\IntelliJ IDEA Community Edition 2020.3.2\bin;;C:\Users\michi\AppData\Local\Programs\Azure Data Studio\bin
USERNAME=michi
OS=Windows_NT
PROCESSOR_IDENTIFIER=Intel64 Family 6 Model 158 Stepping 9, GenuineIntel



---------------  S Y S T E M  ---------------

OS: Windows 10.0 , 64 bit Build 19041 (10.0.19041.1645)

CPU:total 4 (initial active 4) (4 cores per cpu, 1 threads per core) family 6 model 158 stepping 9, cmov, cx8, fxsr, mmx, sse, sse2, sse3, ssse3, sse4.1, sse4.2, popcnt, avx, avx2, aes, clmul, erms, rtm, 3dnowpref, lzcnt, tsc, tscinvbit, bmi1, bmi2, adx

Memory: 4k page, physical 33512716k(16246976k free), swap 38493452k(9375200k free)

vm_info: Java HotSpot(TM) 64-Bit Server VM (25.261-b12) for windows-amd64 JRE (1.8.0_261-b12), built on Jun 18 2020 06:56:32 by "" with unknown MS VC++:1916

time: Wed Apr 27 21:26:18 2022
timezone: Romance Summer Time
elapsed time: 11 seconds (0d 0h 0m 11s)

