#
# A fatal error has been detected by the Java Runtime Environment:
#
#  EXCEPTION_ACCESS_VIOLATION (0xc0000005) at pc=0x00000000670e79b1, pid=20716, tid=0x0000000000005f14
#
# JRE version: Java(TM) SE Runtime Environment (8.0_261-b12) (build 1.8.0_261-b12)
# Java VM: Java HotSpot(TM) 64-Bit Server VM (25.261-b12 mixed mode windows-amd64 compressed oops)
# Problematic frame:
# V  [jvm.dll+0x3979b1]
#
# Failed to write core dump. Minidumps are not enabled by default on client versions of Windows
#
# If you would like to submit a bug report, please visit:
#   http://bugreport.java.com/bugreport/crash.jsp
#

---------------  T H R E A D  ---------------

Current thread (0x000002a122d6c800):  GCTaskThread [stack: 0x000000d8d5f00000,0x000000d8d6000000] [id=24340]

siginfo: ExceptionCode=0xc0000005, ExceptionInformation=0x0000000000000008 0x0000000000007831

Registers:
RAX=0x0000000000000008, RBX=0x0000000000000002, RCX=0x0000000000000004, RDX=0x000002a146f30e20
RSP=0x000000d8d5fff750, RBP=0x000000d8d5fff7d0, RSI=0x0000000000000000, RDI=0x000002a146f30420
R8 =0x0000000000000000, R9 =0x0000000000000010, R10=0x0000000000000018, R11=0x000000d8d5fff7d0
R12=0x000000d8d5fff858, R13=0x0000000000000000, R14=0x000000d8d5fff840, R15=0x0000000000000002
RIP=0x00000000670e79b1, EFLAGS=0x0000000000010297

Top of Stack: (sp=0x000000d8d5fff750)
0x000000d8d5fff750:   000000d8d5fff7c0 000000072e88f468
0x000000d8d5fff760:   000002a146f30a40 002a50560001f342
0x000000d8d5fff770:   002a50570001f342 00007ffcdaef76b4
0x000000d8d5fff780:   002acc4d0001961c 002e19c00001ccae
0x000000d8d5fff790:   002a50570001f342 002a50570001f342
0x000000d8d5fff7a0:   002acc4d0001961d 0000000066fd345f
0x000000d8d5fff7b0:   002e19b50001ccaf 0000000000000001
0x000000d8d5fff7c0:   000002a122d69a60 0000000067379d30
0x000000d8d5fff7d0:   000002a122d69a60 0000000067379d30
0x000000d8d5fff7e0:   000002a122d6ccc0 000002a122d6ccb0
0x000000d8d5fff7f0:   0000000000000000 0000000067135a1d
0x000000d8d5fff800:   000002a146f30a40 000002a146f30a40
0x000000d8d5fff810:   000002a14851def0 0000000000000000
0x000000d8d5fff820:   000002a14851def0 0000000000000001
0x000000d8d5fff830:   0000000000000000 0000000067124409
0x000000d8d5fff840:   000002a10e10692b 000002a122d6c800 

Instructions: (pc=0x00000000670e79b1)
0x00000000670e7991:   00 45 33 ed 48 8b f9 8b 49 08 4d 8b e1 4d 8b f0
0x00000000670e79a1:   8b f2 45 8b fd 8d 04 09 85 c0 0f 84 f8 01 00 00
0x00000000670e79b1:   83 f9 02 0f 86 58 01 00 00 66 0f 1f 44 00 00 49
0x00000000670e79c1:   8b ce e8 c8 ba ee ff 33 d2 f7 77 08 8b da 3b d6 


Register to memory mapping:

RAX=0x0000000000000008 is an unknown value
RBX=0x0000000000000002 is an unknown value
RCX=0x0000000000000004 is an unknown value
RDX=0x000002a146f30e20 is an unknown value
RSP=0x000000d8d5fff750 is an unknown value
RBP=0x000000d8d5fff7d0 is an unknown value
RSI=0x0000000000000000 is an unknown value
RDI=0x000002a146f30420 is an unknown value
R8 =0x0000000000000000 is an unknown value
R9 =0x0000000000000010 is an unknown value
R10=0x0000000000000018 is an unknown value
R11=0x000000d8d5fff7d0 is an unknown value
R12=0x000000d8d5fff858 is an unknown value
R13=0x0000000000000000 is an unknown value
R14=0x000000d8d5fff840 is an unknown value
R15=0x0000000000000002 is an unknown value


Stack: [0x000000d8d5f00000,0x000000d8d6000000],  sp=0x000000d8d5fff750,  free space=1021k
Native frames: (J=compiled Java code, j=interpreted, Vv=VM code, C=native code)
V  [jvm.dll+0x3979b1]
V  [jvm.dll+0x3e5a1d]
V  [jvm.dll+0x3d4409]
V  [jvm.dll+0x2a1cfc]
C  [ucrtbase.dll+0x21bb2]
C  [KERNEL32.DLL+0x17034]
C  [ntdll.dll+0x52651]


---------------  P R O C E S S  ---------------

Java Threads: ( => current thread )
  0x000002a1489e4800 JavaThread "/127.0.0.1:63178 to /127.0.0.1:63176 workers Thread 3" [_thread_in_native, id=20660, stack(0x000000d8d7000000,0x000000d8d7100000)]
  0x000002a148b99000 JavaThread "/127.0.0.1:63178 to /127.0.0.1:63176 workers Thread 2" [_thread_blocked, id=10364, stack(0x000000d8d6f00000,0x000000d8d7000000)]
  0x000002a148db2000 JavaThread "Test worker" [_thread_blocked, id=6524, stack(0x000000d8d6e00000,0x000000d8d6f00000)]
  0x000002a147790000 JavaThread "Service Thread" daemon [_thread_blocked, id=10168, stack(0x000000d8d6b00000,0x000000d8d6c00000)]
  0x000002a147704800 JavaThread "C1 CompilerThread2" daemon [_thread_blocked, id=22680, stack(0x000000d8d6a00000,0x000000d8d6b00000)]
  0x000002a147703000 JavaThread "C2 CompilerThread1" daemon [_thread_blocked, id=7540, stack(0x000000d8d6900000,0x000000d8d6a00000)]
  0x000002a1476fa000 JavaThread "C2 CompilerThread0" daemon [_thread_blocked, id=27968, stack(0x000000d8d6800000,0x000000d8d6900000)]
  0x000002a1476f8000 JavaThread "Attach Listener" daemon [_thread_blocked, id=776, stack(0x000000d8d6700000,0x000000d8d6800000)]
  0x000002a1476f7000 JavaThread "Signal Dispatcher" daemon [_thread_blocked, id=26032, stack(0x000000d8d6600000,0x000000d8d6700000)]
  0x000002a146f38800 JavaThread "Finalizer" daemon [_thread_blocked, id=12692, stack(0x000000d8d6500000,0x000000d8d6600000)]
  0x000002a147666000 JavaThread "Reference Handler" daemon [_thread_blocked, id=27688, stack(0x000000d8d6400000,0x000000d8d6500000)]
  0x000002a122d53800 JavaThread "main" [_thread_blocked, id=23868, stack(0x000000d8d5e00000,0x000000d8d5f00000)]

Other Threads:
  0x000002a147642800 VMThread [stack: 0x000000d8d6300000,0x000000d8d6400000] [id=16992]
  0x000002a148398800 WatcherThread [stack: 0x000000d8d6c00000,0x000000d8d6d00000] [id=24268]

=>0x000002a122d6c800 (exited) GCTaskThread [stack: 0x000000d8d5f00000,0x000000d8d6000000] [id=24340]

VM state:at safepoint (normal execution)

VM Mutex/Monitor currently owned by a thread:  ([mutex/lock_event])
[0x000002a122d50d40] Threads_lock - owner thread: 0x000002a147642800
[0x000002a122d519d0] Heap_lock - owner thread: 0x000002a148db2000

heap address: 0x00000005c0000000, size: 8192 MB, Compressed Oops mode: Zero based, Oop shift amount: 3
Narrow klass base: 0x0000000000000000, Narrow klass shift: 3
Compressed class space size: 1073741824 Address: 0x00000007c0000000

Heap:
 PSYoungGen      total 1785856K, used 1296605K [0x0000000715580000, 0x00000007bd480000, 0x00000007c0000000)
  eden space 887808K, 89% used [0x0000000715580000,0x0000000745d76208,0x000000074b880000)
  from space 898048K, 55% used [0x0000000786780000,0x00000007a51c1518,0x00000007bd480000)
  to   space 931840K, 57% used [0x000000074b880000,0x000000076c7eab28,0x0000000784680000)
 ParOldGen       total 2943488K, used 2389516K [0x00000005c0000000, 0x0000000673a80000, 0x0000000715580000)
  object space 2943488K, 81% used [0x00000005c0000000,0x0000000651d83338,0x0000000673a80000)
 Metaspace       used 12168K, capacity 13128K, committed 13440K, reserved 1060864K
  class space    used 1593K, capacity 1814K, committed 1920K, reserved 1048576K

Card table byte_map: [0x000002a133ae0000,0x000002a134af0000] byte_map_base: 0x000002a130ce0000

Marking Bits: (ParMarkBitMap*) 0x0000000067544fb0
 Begin Bits: [0x000002a1355a0000, 0x000002a13d5a0000)
 End Bits:   [0x000002a13d5a0000, 0x000002a1455a0000)

Polling page: 0x000002a1246f0000

CodeCache: size=245760Kb used=4380Kb max_used=4380Kb free=241379Kb
 bounds [0x000002a124720000, 0x000002a124b70000, 0x000002a133720000]
 total_blobs=1619 nmethods=1268 adapters=263
 compilation: enabled

Compilation events (10 events):
Event: 7.638 Thread 0x000002a147704800 1265       3       java.util.concurrent.locks.ReentrantLock$NonfairSync::lock (25 bytes)
Event: 7.638 Thread 0x000002a147704800 nmethod 1265 0x000002a124b5f0d0 code [0x000002a124b5f2a0, 0x000002a124b5fb00]
Event: 7.772 Thread 0x000002a147704800 1266       3       java.util.concurrent.locks.ReentrantLock::unlock (10 bytes)
Event: 7.772 Thread 0x000002a147704800 nmethod 1266 0x000002a124b5fd50 code [0x000002a124b5fee0, 0x000002a124b60300]
Event: 9.265 Thread 0x000002a147704800 1267       3       sun.nio.cs.SingleByte$Encoder::encodeArrayLoop (236 bytes)
Event: 9.267 Thread 0x000002a147704800 nmethod 1267 0x000002a124b60450 code [0x000002a124b608e0, 0x000002a124b634f0]
Event: 9.267 Thread 0x000002a147704800 1268       3       java.io.OutputStream::write (79 bytes)
Event: 9.267 Thread 0x000002a147704800 nmethod 1268 0x000002a124b65250 code [0x000002a124b65400, 0x000002a124b65a30]
Event: 27.152 Thread 0x000002a147704800 1269       3       org.gradle.internal.remote.internal.hub.queue.MultiEndPointQueue::flush (252 bytes)
Event: 27.153 Thread 0x000002a147704800 nmethod 1269 0x000002a124b65c50 code [0x000002a124b66020, 0x000002a124b680c0]

GC Heap History (10 events):
Event: 10.211 GC heap after
Heap after GC invocations=12 (full 2):
 PSYoungGen      total 1656832K, used 900577K [0x0000000715580000, 0x00000007b7c00000, 0x00000007c0000000)
  eden space 756224K, 0% used [0x0000000715580000,0x0000000715580000,0x0000000743800000)
  from space 900608K, 99% used [0x000000077c600000,0x00000007b35786c0,0x00000007b3580000)
  to   space 931840K, 0% used [0x0000000743800000,0x0000000743800000,0x000000077c600000)
 ParOldGen       total 1167872K, used 1038895K [0x00000005c0000000, 0x0000000607480000, 0x0000000715580000)
  object space 1167872K, 88% used [0x00000005c0000000,0x00000005ff68bd08,0x0000000607480000)
 Metaspace       used 12164K, capacity 13128K, committed 13440K, reserved 1060864K
  class space    used 1593K, capacity 1814K, committed 1920K, reserved 1048576K
}
Event: 10.211 GC heap before
{Heap before GC invocations=13 (full 3):
 PSYoungGen      total 1656832K, used 900577K [0x0000000715580000, 0x00000007b7c00000, 0x00000007c0000000)
  eden space 756224K, 0% used [0x0000000715580000,0x0000000715580000,0x0000000743800000)
  from space 900608K, 99% used [0x000000077c600000,0x00000007b35786c0,0x00000007b3580000)
  to   space 931840K, 0% used [0x0000000743800000,0x0000000743800000,0x000000077c600000)
 ParOldGen       total 1167872K, used 1038895K [0x00000005c0000000, 0x0000000607480000, 0x0000000715580000)
  object space 1167872K, 88% used [0x00000005c0000000,0x00000005ff68bd08,0x0000000607480000)
 Metaspace       used 12164K, capacity 13128K, committed 13440K, reserved 1060864K
  class space    used 1593K, capacity 1814K, committed 1920K, reserved 1048576K
Event: 18.247 GC heap after
Heap after GC invocations=13 (full 3):
 PSYoungGen      total 1656832K, used 475153K [0x0000000715580000, 0x00000007b7c00000, 0x00000007c0000000)
  eden space 756224K, 0% used [0x0000000715580000,0x0000000715580000,0x0000000743800000)
  from space 900608K, 52% used [0x000000077c600000,0x00000007996044c0,0x00000007b3580000)
  to   space 931840K, 0% used [0x0000000743800000,0x0000000743800000,0x000000077c600000)
 ParOldGen       total 1927168K, used 1167858K [0x00000005c0000000, 0x0000000635a00000, 0x0000000715580000)
  object space 1927168K, 60% used [0x00000005c0000000,0x000000060747cb38,0x0000000635a00000)
 Metaspace       used 12164K, capacity 13128K, committed 13440K, reserved 1060864K
  class space    used 1593K, capacity 1814K, committed 1920K, reserved 1048576K
}
Event: 18.514 GC heap before
{Heap before GC invocations=14 (full 3):
 PSYoungGen      total 1656832K, used 1095494K [0x0000000715580000, 0x00000007b7c00000, 0x00000007c0000000)
  eden space 756224K, 82% used [0x0000000715580000,0x000000073b34d6f0,0x0000000743800000)
  from space 900608K, 52% used [0x000000077c600000,0x00000007996044c0,0x00000007b3580000)
  to   space 931840K, 0% used [0x0000000743800000,0x0000000743800000,0x000000077c600000)
 ParOldGen       total 1927168K, used 1167858K [0x00000005c0000000, 0x0000000635a00000, 0x0000000715580000)
  object space 1927168K, 60% used [0x00000005c0000000,0x000000060747cb38,0x0000000635a00000)
 Metaspace       used 12164K, capacity 13128K, committed 13440K, reserved 1060864K
  class space    used 1593K, capacity 1814K, committed 1920K, reserved 1048576K
Event: 19.413 GC heap after
Heap after GC invocations=14 (full 3):
 PSYoungGen      total 1688064K, used 931810K [0x0000000715580000, 0x00000007bf580000, 0x00000007c0000000)
  eden space 756224K, 0% used [0x0000000715580000,0x0000000715580000,0x0000000743800000)
  from space 931840K, 99% used [0x0000000743800000,0x000000077c5f8a10,0x000000077c600000)
  to   space 931840K, 0% used [0x0000000786780000,0x0000000786780000,0x00000007bf580000)
 ParOldGen       total 1927168K, used 1594745K [0x00000005c0000000, 0x0000000635a00000, 0x0000000715580000)
  object space 1927168K, 82% used [0x00000005c0000000,0x000000062155e6c0,0x0000000635a00000)
 Metaspace       used 12164K, capacity 13128K, committed 13440K, reserved 1060864K
  class space    used 1593K, capacity 1814K, committed 1920K, reserved 1048576K
}
Event: 19.413 GC heap before
{Heap before GC invocations=15 (full 4):
 PSYoungGen      total 1688064K, used 931810K [0x0000000715580000, 0x00000007bf580000, 0x00000007c0000000)
  eden space 756224K, 0% used [0x0000000715580000,0x0000000715580000,0x0000000743800000)
  from space 931840K, 99% used [0x0000000743800000,0x000000077c5f8a10,0x000000077c600000)
  to   space 931840K, 0% used [0x0000000786780000,0x0000000786780000,0x00000007bf580000)
 ParOldGen       total 1927168K, used 1594745K [0x00000005c0000000, 0x0000000635a00000, 0x0000000715580000)
  object space 1927168K, 82% used [0x00000005c0000000,0x000000062155e6c0,0x0000000635a00000)
 Metaspace       used 12164K, capacity 13128K, committed 13440K, reserved 1060864K
  class space    used 1593K, capacity 1814K, committed 1920K, reserved 1048576K
Event: 26.906 GC heap after
Heap after GC invocations=15 (full 4):
 PSYoungGen      total 1688064K, used 0K [0x0000000715580000, 0x00000007bf580000, 0x00000007c0000000)
  eden space 756224K, 0% used [0x0000000715580000,0x0000000715580000,0x0000000743800000)
  from space 931840K, 0% used [0x0000000743800000,0x0000000743800000,0x000000077c600000)
  to   space 931840K, 0% used [0x0000000786780000,0x0000000786780000,0x00000007bf580000)
 ParOldGen       total 2943488K, used 1886647K [0x00000005c0000000, 0x0000000673a80000, 0x0000000715580000)
  object space 2943488K, 64% used [0x00000005c0000000,0x000000063326de20,0x0000000673a80000)
 Metaspace       used 12164K, capacity 13128K, committed 13440K, reserved 1060864K
  class space    used 1593K, capacity 1814K, committed 1920K, reserved 1048576K
}
Event: 27.425 GC heap before
{Heap before GC invocations=16 (full 4):
 PSYoungGen      total 1688064K, used 735915K [0x0000000715580000, 0x00000007bf580000, 0x00000007c0000000)
  eden space 756224K, 97% used [0x0000000715580000,0x000000074242aff8,0x0000000743800000)
  from space 931840K, 0% used [0x0000000743800000,0x0000000743800000,0x000000077c600000)
  to   space 931840K, 0% used [0x0000000786780000,0x0000000786780000,0x00000007bf580000)
 ParOldGen       total 2943488K, used 1886647K [0x00000005c0000000, 0x0000000673a80000, 0x0000000715580000)
  object space 2943488K, 64% used [0x00000005c0000000,0x000000063326de20,0x0000000673a80000)
 Metaspace       used 12168K, capacity 13128K, committed 13440K, reserved 1060864K
  class space    used 1593K, capacity 1814K, committed 1920K, reserved 1048576K
Event: 27.867 GC heap after
Heap after GC invocations=16 (full 4):
 PSYoungGen      total 1785856K, used 502021K [0x0000000715580000, 0x00000007bd480000, 0x00000007c0000000)
  eden space 887808K, 0% used [0x0000000715580000,0x0000000715580000,0x000000074b880000)
  from space 898048K, 55% used [0x0000000786780000,0x00000007a51c1518,0x00000007bd480000)
  to   space 931840K, 0% used [0x000000074b880000,0x000000074b880000,0x0000000784680000)
 ParOldGen       total 2943488K, used 1886655K [0x00000005c0000000, 0x0000000673a80000, 0x0000000715580000)
  object space 2943488K, 64% used [0x00000005c0000000,0x000000063326fe20,0x0000000673a80000)
 Metaspace       used 12168K, capacity 13128K, committed 13440K, reserved 1060864K
  class space    used 1593K, capacity 1814K, committed 1920K, reserved 1048576K
}
Event: 28.342 GC heap before
{Heap before GC invocations=17 (full 4):
 PSYoungGen      total 1785856K, used 1296605K [0x0000000715580000, 0x00000007bd480000, 0x00000007c0000000)
  eden space 887808K, 89% used [0x0000000715580000,0x0000000745d76208,0x000000074b880000)
  from space 898048K, 55% used [0x0000000786780000,0x00000007a51c1518,0x00000007bd480000)
  to   space 931840K, 0% used [0x000000074b880000,0x000000074b880000,0x0000000784680000)
 ParOldGen       total 2943488K, used 1886655K [0x00000005c0000000, 0x0000000673a80000, 0x0000000715580000)
  object space 2943488K, 64% used [0x00000005c0000000,0x000000063326fe20,0x0000000673a80000)
 Metaspace       used 12168K, capacity 13128K, committed 13440K, reserved 1060864K
  class space    used 1593K, capacity 1814K, committed 1920K, reserved 1048576K

Deoptimization events (5 events):
Event: 0.282 Thread 0x000002a122d53800 Uncommon trap: reason=null_check action=make_not_entrant pc=0x000002a1248b9250 method=java.lang.String.equals(Ljava/lang/Object;)Z @ 8
Event: 0.821 Thread 0x000002a148db2000 Uncommon trap: reason=unstable_if action=reinterpret pc=0x000002a124a7e490 method=jdk.internal.org.objectweb.asm.Type.getArgumentsAndReturnSizes(Ljava/lang/String;)I @ 88
Event: 0.909 Thread 0x000002a148db2000 Uncommon trap: reason=unstable_if action=reinterpret pc=0x000002a124855940 method=java.lang.CharacterData.of(I)Ljava/lang/CharacterData; @ 4
Event: 0.926 Thread 0x000002a148db2000 Uncommon trap: reason=unstable_if action=reinterpret pc=0x000002a124a20380 method=sun.net.www.ParseUtil.encodePath(Ljava/lang/String;Z)Ljava/lang/String; @ 109
Event: 0.929 Thread 0x000002a148db2000 Uncommon trap: reason=unstable_if action=reinterpret pc=0x000002a124a11e78 method=sun.net.www.ParseUtil.encodePath(Ljava/lang/String;Z)Ljava/lang/String; @ 109

Classes redefined (0 events):
No events

Internal exceptions (10 events):
Event: 0.777 Thread 0x000002a148db2000 Exception <a 'java/lang/IncompatibleClassChangeError': Found class java.lang.Object, but interface was expected> (0x000000071765ebc0) thrown at [C:\jenkins\workspace\8-2-build-windows-amd64-cygwin\jdk8u261\295\hotspot\src\share\vm\interpreter\linkResolver
Event: 0.778 Thread 0x000002a148db2000 Exception <a 'java/lang/NoSuchMethodError': java.lang.Object.lambda$ofVoidMethod$0(Lorg/junit/jupiter/engine/execution/ExecutableInvoker$ReflectiveInterceptorCall$VoidMethodInterceptorCall;Lorg/junit/jupiter/api/extension/InvocationInterceptor;Lorg/junit/
Event: 0.788 Thread 0x000002a148db2000 Exception <a 'java/lang/IncompatibleClassChangeError': Found class java.lang.Object, but interface was expected> (0x00000007176d6a10) thrown at [C:\jenkins\workspace\8-2-build-windows-amd64-cygwin\jdk8u261\295\hotspot\src\share\vm\interpreter\linkResolver
Event: 0.789 Thread 0x000002a148db2000 Exception <a 'java/lang/NoSuchMethodError': java.lang.Object.lambda$accept$0(Lorg/junit/platform/engine/TestDescriptor$Visitor;Lorg/junit/platform/engine/TestDescriptor;)V> (0x00000007176dad90) thrown at [C:\jenkins\workspace\8-2-build-windows-amd64-cygwi
Event: 0.793 Thread 0x000002a148db2000 Exception <a 'java/lang/NoSuchMethodError': java.lang.Object.containsTests(Lorg/junit/platform/engine/TestDescriptor;)Z> (0x00000007179a3828) thrown at [C:\jenkins\workspace\8-2-build-windows-amd64-cygwin\jdk8u261\295\hotspot\src\share\vm\interpreter\link
Event: 0.810 Thread 0x000002a148db2000 Exception <a 'java/lang/IncompatibleClassChangeError': Found class java.lang.Object, but interface was expected> (0x0000000717a5b9a8) thrown at [C:\jenkins\workspace\8-2-build-windows-amd64-cygwin\jdk8u261\295\hotspot\src\share\vm\interpreter\linkResolver
Event: 0.821 Thread 0x000002a148db2000 Exception <a 'java/lang/NoSuchMethodError': java.lang.Object.lambda$comparing$77a9974f$1(Ljava/util/function/Function;Ljava/lang/Object;Ljava/lang/Object;)I> (0x0000000717b30010) thrown at [C:\jenkins\workspace\8-2-build-windows-amd64-cygwin\jdk8u261\295\
Event: 0.822 Thread 0x000002a148db2000 Exception <a 'java/lang/NoSuchMethodError': java.lang.Object.lambda$thenComparing$36697e65$1(Ljava/util/Comparator;Ljava/lang/Object;Ljava/lang/Object;)I> (0x0000000717b4a360) thrown at [C:\jenkins\workspace\8-2-build-windows-amd64-cygwin\jdk8u261\295\hot
Event: 0.852 Thread 0x000002a148db2000 Exception <a 'java/lang/NoSuchMethodError': java.lang.Object.lambda$and$0(Ljava/util/function/Predicate;Ljava/lang/Object;)Z> (0x0000000717d34180) thrown at [C:\jenkins\workspace\8-2-build-windows-amd64-cygwin\jdk8u261\295\hotspot\src\share\vm\interpreter
Event: 0.889 Thread 0x000002a148db2000 Exception <a 'java/lang/IncompatibleClassChangeError': Found class java.lang.Object, but interface was expected> (0x0000000717e80b58) thrown at [C:\jenkins\workspace\8-2-build-windows-amd64-cygwin\jdk8u261\295\hotspot\src\share\vm\interpreter\linkResolver

Events (10 events):
Event: 8.333 Executing VM operation: ParallelGCFailedAllocation done
Event: 8.678 Executing VM operation: ParallelGCFailedAllocation
Event: 9.133 Executing VM operation: ParallelGCFailedAllocation done
Event: 9.659 Executing VM operation: ParallelGCFailedAllocation
Event: 18.247 Executing VM operation: ParallelGCFailedAllocation done
Event: 18.514 Executing VM operation: ParallelGCFailedAllocation
Event: 26.906 Executing VM operation: ParallelGCFailedAllocation done
Event: 27.425 Executing VM operation: ParallelGCFailedAllocation
Event: 27.867 Executing VM operation: ParallelGCFailedAllocation done
Event: 28.342 Executing VM operation: ParallelGCFailedAllocation


Dynamic libraries:
0x00007ff6d9850000 - 0x00007ff6d9897000 	C:\Program Files\Java\jdk1.8.0_261\bin\java.exe
0x00007ffcdd5d0000 - 0x00007ffcdd7c5000 	C:\WINDOWS\SYSTEM32\ntdll.dll
0x00007ffcdd490000 - 0x00007ffcdd54e000 	C:\WINDOWS\System32\KERNEL32.DLL
0x00007ffcdae90000 - 0x00007ffcdb158000 	C:\WINDOWS\System32\KERNELBASE.dll
0x00007ffcdd3e0000 - 0x00007ffcdd48e000 	C:\WINDOWS\System32\ADVAPI32.dll
0x00007ffcdb6e0000 - 0x00007ffcdb77e000 	C:\WINDOWS\System32\msvcrt.dll
0x00007ffcdcb10000 - 0x00007ffcdcbac000 	C:\WINDOWS\System32\sechost.dll
0x00007ffcdd2b0000 - 0x00007ffcdd3d5000 	C:\WINDOWS\System32\RPCRT4.dll
0x00007ffcdd110000 - 0x00007ffcdd2b0000 	C:\WINDOWS\System32\USER32.dll
0x00007ffcdad20000 - 0x00007ffcdad42000 	C:\WINDOWS\System32\win32u.dll
0x00007ffcdd0e0000 - 0x00007ffcdd10a000 	C:\WINDOWS\System32\GDI32.dll
0x00007ffcdb520000 - 0x00007ffcdb62b000 	C:\WINDOWS\System32\gdi32full.dll
0x00007ffcdb480000 - 0x00007ffcdb51d000 	C:\WINDOWS\System32\msvcp_win.dll
0x00007ffcdb310000 - 0x00007ffcdb410000 	C:\WINDOWS\System32\ucrtbase.dll
0x00007ffcccb10000 - 0x00007ffcccdaa000 	C:\WINDOWS\WinSxS\amd64_microsoft.windows.common-controls_6595b64144ccf1df_6.0.19041.1110_none_60b5254171f9507e\COMCTL32.dll
0x00007ffcdd560000 - 0x00007ffcdd590000 	C:\WINDOWS\System32\IMM32.DLL
0x00007ffccf740000 - 0x00007ffccf755000 	C:\Program Files\Java\jdk1.8.0_261\jre\bin\vcruntime140.dll
0x00007ffcb6470000 - 0x00007ffcb650b000 	C:\Program Files\Java\jdk1.8.0_261\jre\bin\msvcp140.dll
0x0000000066d50000 - 0x00000000675bc000 	C:\Program Files\Java\jdk1.8.0_261\jre\bin\server\jvm.dll
0x00007ffcdb8c0000 - 0x00007ffcdb8c8000 	C:\WINDOWS\System32\PSAPI.DLL
0x00007ffccc880000 - 0x00007ffccc889000 	C:\WINDOWS\SYSTEM32\WSOCK32.dll
0x00007ffcd0320000 - 0x00007ffcd0347000 	C:\WINDOWS\SYSTEM32\WINMM.dll
0x00007ffcdc120000 - 0x00007ffcdc18b000 	C:\WINDOWS\System32\WS2_32.dll
0x00007ffcd5d30000 - 0x00007ffcd5d3a000 	C:\WINDOWS\SYSTEM32\VERSION.dll
0x00007ffcd8b50000 - 0x00007ffcd8b62000 	C:\WINDOWS\SYSTEM32\kernel.appcore.dll
0x00007ffccf770000 - 0x00007ffccf780000 	C:\Program Files\Java\jdk1.8.0_261\jre\bin\verify.dll
0x00007ffcc4f10000 - 0x00007ffcc4f3b000 	C:\Program Files\Java\jdk1.8.0_261\jre\bin\java.dll
0x00007ffcc7b10000 - 0x00007ffcc7b28000 	C:\Program Files\Java\jdk1.8.0_261\jre\bin\zip.dll
0x00007ffcdc350000 - 0x00007ffcdca94000 	C:\WINDOWS\System32\SHELL32.dll
0x00007ffcd8e30000 - 0x00007ffcd95c4000 	C:\WINDOWS\SYSTEM32\windows.storage.dll
0x00007ffcdcc10000 - 0x00007ffcdcf64000 	C:\WINDOWS\System32\combase.dll
0x00007ffcda760000 - 0x00007ffcda78c000 	C:\WINDOWS\SYSTEM32\Wldp.dll
0x00007ffcdc070000 - 0x00007ffcdc11d000 	C:\WINDOWS\System32\SHCORE.dll
0x00007ffcdb780000 - 0x00007ffcdb7d5000 	C:\WINDOWS\System32\shlwapi.dll
0x00007ffcdac30000 - 0x00007ffcdac4f000 	C:\WINDOWS\SYSTEM32\profapi.dll
0x00007ffcc5110000 - 0x00007ffcc512c000 	C:\Program Files\Java\jdk1.8.0_261\jre\bin\net.dll
0x00007ffcda4c0000 - 0x00007ffcda52a000 	C:\WINDOWS\system32\mswsock.dll
0x00007ffcc50d0000 - 0x00007ffcc50e3000 	C:\Program Files\Java\jdk1.8.0_261\jre\bin\nio.dll
0x00007ffcda6c0000 - 0x00007ffcda6d8000 	C:\WINDOWS\SYSTEM32\CRYPTSP.dll
0x00007ffcd9dd0000 - 0x00007ffcd9e04000 	C:\WINDOWS\system32\rsaenh.dll
0x00007ffcdacf0000 - 0x00007ffcdad17000 	C:\WINDOWS\System32\bcrypt.dll
0x00007ffcdabb0000 - 0x00007ffcdabde000 	C:\WINDOWS\SYSTEM32\USERENV.dll
0x00007ffcdae00000 - 0x00007ffcdae82000 	C:\WINDOWS\System32\bcryptprimitives.dll
0x00007ffcda6b0000 - 0x00007ffcda6bc000 	C:\WINDOWS\SYSTEM32\CRYPTBASE.dll
0x00007ffcda160000 - 0x00007ffcda19b000 	C:\WINDOWS\SYSTEM32\IPHLPAPI.DLL
0x00007ffcdd550000 - 0x00007ffcdd558000 	C:\WINDOWS\System32\NSI.dll
0x00007ffcd5cd0000 - 0x00007ffcd5ce7000 	C:\WINDOWS\SYSTEM32\dhcpcsvc6.DLL
0x00007ffcd5c80000 - 0x00007ffcd5c9d000 	C:\WINDOWS\SYSTEM32\dhcpcsvc.DLL
0x00007ffcda1b0000 - 0x00007ffcda27b000 	C:\WINDOWS\SYSTEM32\DNSAPI.dll
0x00007ffcd5470000 - 0x00007ffcd5654000 	C:\WINDOWS\SYSTEM32\dbghelp.dll

VM Arguments:
jvm_args: -Djava.security.manager=worker.org.gradle.process.internal.worker.child.BootstrapSecurityManager -Dorg.gradle.native=false -XX:MaxPermSize=8G -Xms512m -Xmx8G -Dfile.encoding=windows-1252 -Duser.country=GB -Duser.language=en -Duser.variant -ea 
java_command: worker.org.gradle.process.internal.worker.GradleWorkerMain 'Gradle Test Executor 6'
java_class_path (initial): C:\Users\michi\.gradle\caches\6.6.1\workerMain\gradle-worker.jar
Launcher Type: SUN_STANDARD

Environment Variables:
PATH=C:\Program Files (x86)\Common Files\Oracle\Java\javapath;C:\Program Files\Common Files\Oracle\Java\javapath;C:\Python38\Scripts\;C:\Python38\;C:\Python27\;C:\Python27\Scripts;C:\ProgramData\Boxstarter;C:\Program Files\Oculus\Support\oculus-runtime;C:\Program Files (x86)\Razer Chroma SDK\bin;C:\Program Files\Razer Chroma SDK\bin;C:\ProgramData\Oracle\Java\javapath;C:\WINDOWS\system32;C:\WINDOWS;C:\WINDOWS\System32\Wbem;C:\WINDOWS\System32\WindowsPowerShell\v1.0\;C:\Program Files\Git\cmd;C:\Program Files (x86)\GtkSharp\2.12\bin;C:\WINDOWS\System32\OpenSSH\;C:\Users\michi\AppData\Local\Microsoft\WindowsApps;C:\Program Files\Docker Toolbox;C:\Users\michi\AppData\Local\atom\bin;C:\Program Files\Git\usr\bin;C:\ProgramData\chocolatey\bin;C:\WINDOWS\system32;C:\WINDOWS;C:\WINDOWS\System32\Wbem;C:\WINDOWS\System32\WindowsPowerShell\v1.0\;C:\WINDOWS\System32\OpenSSH\;C:\Program Files\nodejs\;C:\gradle\bin;;C:\Program Files\NVIDIA Corporation\NVIDIA NvDLISR;C:\Program Files (x86)\NVIDIA Corporation\PhysX\Common;C:\Users\michi\AppData\Local\Microsoft\WindowsApps;C:\Program Files\Docker Toolbox;C:\Users\michi\AppData\Local\atom\bin;C:\Program Files\Git\usr\bin;C:\Users\michi\AppData\Local\Programs\Microsoft VS Code\bin;C:\Users\michi\AppData\Local\Microsoft\WindowsApps;C:\Users\michi\AppData\Local\Android\Sdk\tools;C:\Users\michi\AppData\Local\Android\Sdk\platform-tools;C:\Users\michi\AppData\Roaming\npm;;C:\Program Files\JetBrains\IntelliJ IDEA Community Edition 2020.3.2\bin;;C:\Users\michi\AppData\Local\Programs\Azure Data Studio\bin
USERNAME=michi
OS=Windows_NT
PROCESSOR_IDENTIFIER=Intel64 Family 6 Model 158 Stepping 9, GenuineIntel



---------------  S Y S T E M  ---------------

OS: Windows 10.0 , 64 bit Build 19041 (10.0.19041.1645)

CPU:total 4 (initial active 4) (4 cores per cpu, 1 threads per core) family 6 model 158 stepping 9, cmov, cx8, fxsr, mmx, sse, sse2, sse3, ssse3, sse4.1, sse4.2, popcnt, avx, avx2, aes, clmul, erms, rtm, 3dnowpref, lzcnt, tsc, tscinvbit, bmi1, bmi2, adx

Memory: 4k page, physical 33512716k(13945292k free), swap 38493452k(7297256k free)

vm_info: Java HotSpot(TM) 64-Bit Server VM (25.261-b12) for windows-amd64 JRE (1.8.0_261-b12), built on Jun 18 2020 06:56:32 by "" with unknown MS VC++:1916

time: Wed Apr 27 21:25:17 2022
timezone: Romance Summer Time
elapsed time: 28 seconds (0d 0h 0m 28s)

